#
# There is insufficient memory for the Java Runtime Environment to continue.
# Native memory allocation (mmap) failed to map 536870912 bytes for G1 virtual space
# Possible reasons:
#   The system is out of physical RAM or swap space
#   The process is running with CompressedOops enabled, and the Java Heap may be blocking the growth of the native heap
# Possible solutions:
#   Reduce memory load on the system
#   Increase physical memory or swap space
#   Check if swap backing store is full
#   Decrease Java heap size (-Xmx/-Xms)
#   Decrease number of Java threads
#   Decrease Java thread stack sizes (-Xss)
#   Set larger code cache with -XX:ReservedCodeCacheSize=
#   JVM is running with Zero Based Compressed Oops mode in which the Java heap is
#     placed in the first 32GB address space. The Java Heap base address is the
#     maximum limit for the native heap growth. Please use -XX:HeapBaseMinAddress
#     to set the Java Heap base and to place the Java Heap above 32GB virtual address.
# This output file may be truncated or incomplete.
#
#  Out of Memory Error (os_windows.cpp:3600), pid=6164, tid=127060
#
# JRE version:  (21.0.1+12) (build )
# Java VM: Java HotSpot(TM) 64-Bit Server VM (21.0.1+12-LTS-29, mixed mode, emulated-client, sharing, tiered, compressed oops, compressed class ptrs, g1 gc, windows-amd64)
# No core dump will be written. Minidumps are not enabled by default on client versions of Windows
#

---------------  S U M M A R Y ------------

Command Line: -XX:TieredStopAtLevel=1 -Dspring.output.ansi.enabled=always -Dcom.sun.management.jmxremote -Dspring.jmx.enabled=true -Dspring.liveBeansView.mbeanDomain -Dspring.application.admin.enabled=true -Dmanagement.endpoints.jmx.exposure.include=* -javaagent:C:\Users\dooly\AppData\Local\Programs\IntelliJ IDEA Ultimate\lib\idea_rt.jar=4297:C:\Users\dooly\AppData\Local\Programs\IntelliJ IDEA Ultimate\bin -Dfile.encoding=UTF-8 -Dsun.stdout.encoding=UTF-8 -Dsun.stderr.encoding=UTF-8 hello.hellospring.HelloSpringApplication

Host: 13th Gen Intel(R) Core(TM) i7-13700KF, 24 cores, 31G,  Windows 11 , 64 bit Build 22621 (10.0.22621.2506)
Time: Tue Dec 26 21:59:17 2023  Windows 11 , 64 bit Build 22621 (10.0.22621.2506) elapsed time: 0.008777 seconds (0d 0h 0m 0s)

---------------  T H R E A D  ---------------

Current thread (0x000002e64756b970):  JavaThread "Unknown thread" [_thread_in_vm, id=127060, stack(0x000000f7f9800000,0x000000f7f9900000) (1024K)]

Stack: [0x000000f7f9800000,0x000000f7f9900000]
Native frames: (J=compiled Java code, j=interpreted, Vv=VM code, C=native code)
V  [jvm.dll+0x6c9029]
V  [jvm.dll+0x854b81]
V  [jvm.dll+0x856e5e]
V  [jvm.dll+0x857543]
V  [jvm.dll+0x280c06]
V  [jvm.dll+0x6c5715]
V  [jvm.dll+0x6ba10a]
V  [jvm.dll+0x3557ea]
V  [jvm.dll+0x35d436]
V  [jvm.dll+0x3ae1be]
V  [jvm.dll+0x3ae468]
V  [jvm.dll+0x3291fc]
V  [jvm.dll+0x329d8b]
V  [jvm.dll+0x81d179]
V  [jvm.dll+0x3bb4f1]
V  [jvm.dll+0x805ae8]
V  [jvm.dll+0x44effe]
V  [jvm.dll+0x450901]
C  [jli.dll+0x52a3]
C  [ucrtbase.dll+0x29363]
C  [KERNEL32.DLL+0x1257d]
C  [ntdll.dll+0x5aa58]


---------------  P R O C E S S  ---------------

Threads class SMR info:
_java_thread_list=0x00007ffe653d9b88, length=0, elements={
}

Java Threads: ( => current thread )
Total: 0

Other Threads:
  0x000002e647542300 WorkerThread "GC Thread#0"                     [id=28304, stack(0x000000f7f9900000,0x000000f7f9a00000) (1024K)]
  0x000002e6498ea110 ConcurrentGCThread "G1 Main Marker"            [id=75972, stack(0x000000f7f9a00000,0x000000f7f9b00000) (1024K)]
  0x000002e647541480 WorkerThread "G1 Conc#0"                       [id=147576, stack(0x000000f7f9b00000,0x000000f7f9c00000) (1024K)]

[error occurred during error reporting (printing all threads), id 0xc0000005, EXCEPTION_ACCESS_VIOLATION (0xc0000005) at pc=0x00007ffe64b4c2c7]
VM state: not at safepoint (not fully initialized)

VM Mutex/Monitor currently owned by a thread:  ([mutex/lock_event])
[0x00007ffe6544a6f8] Heap_lock - owner thread: 0x000002e64756b970

Heap address: 0x0000000602c00000, size: 8148 MB, Compressed Oops mode: Zero based, Oop shift amount: 3

CDS archive(s) mapped at: [0x0000000000000000-0x0000000000000000-0x0000000000000000), size 0, SharedBaseAddress: 0x0000000800000000, ArchiveRelocationMode: 1.
Narrow klass base: 0x0000000000000000, Narrow klass shift: 0, Narrow klass range: 0x0

GC Precious Log:
 CardTable entry size: 512
 Card Set container configuration: InlinePtr #cards 4 size 8 Array Of Cards #cards 32 size 80 Howl #buckets 8 coarsen threshold 7372 Howl Bitmap #cards 1024 size 144 coarsen threshold 921 Card regions per heap region 1 cards per card region 8192

Heap:
 garbage-first heap   total 0K, used 0K [0x0000000602c00000, 0x0000000800000000)
  region size 4096K, 0 young (0K), 0 survivors (0K)

[error occurred during error reporting (printing heap information), id 0xc0000005, EXCEPTION_ACCESS_VIOLATION (0xc0000005) at pc=0x00007ffe64f31be9]
GC Heap History (0 events):
No events

Dll operation events (1 events):
Event: 0.005 Loaded shared library C:\Program Files\Java\jdk-21\bin\java.dll

Deoptimization events (0 events):
No events

Classes loaded (0 events):
No events

Classes unloaded (0 events):
No events

Classes redefined (0 events):
No events

Internal exceptions (0 events):
No events

ZGC Phase Switch (0 events):
No events

VM Operations (0 events):
No events

Events (0 events):
No events


Dynamic libraries:
0x00007ff776350000 - 0x00007ff776360000 	C:\Program Files\Java\jdk-21\bin\java.exe
0x00007fff20bb0000 - 0x00007fff20dc7000 	C:\Windows\SYSTEM32\ntdll.dll
0x00007fff20060000 - 0x00007fff20124000 	C:\Windows\System32\KERNEL32.DLL
0x00007fff1e080000 - 0x00007fff1e426000 	C:\Windows\System32\KERNELBASE.dll
0x00007fff1e6c0000 - 0x00007fff1e7d1000 	C:\Windows\System32\ucrtbase.dll
0x00007ffed4100000 - 0x00007ffed4119000 	C:\Program Files\Java\jdk-21\bin\jli.dll
0x00007ffedcb70000 - 0x00007ffedcb8b000 	C:\Program Files\Java\jdk-21\bin\VCRUNTIME140.dll
0x00007fff1fc10000 - 0x00007fff1fcc1000 	C:\Windows\System32\ADVAPI32.dll
0x00007fff1ec20000 - 0x00007fff1ecc7000 	C:\Windows\System32\msvcrt.dll
0x00007fff1f650000 - 0x00007fff1f6f5000 	C:\Windows\System32\sechost.dll
0x00007fff1eb00000 - 0x00007fff1ec17000 	C:\Windows\System32\RPCRT4.dll
0x00007fff1fd40000 - 0x00007fff1feee000 	C:\Windows\System32\USER32.dll
0x00007fff1e050000 - 0x00007fff1e076000 	C:\Windows\System32\win32u.dll
0x00007ffef8de0000 - 0x00007ffef9073000 	C:\Windows\WinSxS\amd64_microsoft.windows.common-controls_6595b64144ccf1df_6.0.22621.2506_none_270c5ae97388e100\COMCTL32.dll
0x00007fff202d0000 - 0x00007fff202f9000 	C:\Windows\System32\GDI32.dll
0x00007fff1e7e0000 - 0x00007fff1e8f8000 	C:\Windows\System32\gdi32full.dll
0x00007fff1e5a0000 - 0x00007fff1e63a000 	C:\Windows\System32\msvcp_win.dll
0x00007fff1a7c0000 - 0x00007fff1a7ca000 	C:\Windows\SYSTEM32\VERSION.dll
0x00007fff1f610000 - 0x00007fff1f641000 	C:\Windows\System32\IMM32.DLL
0x00007ffedebb0000 - 0x00007ffedebbc000 	C:\Program Files\Java\jdk-21\bin\vcruntime140_1.dll
0x00007ffec69c0000 - 0x00007ffec6a4e000 	C:\Program Files\Java\jdk-21\bin\msvcp140.dll
0x00007ffe64810000 - 0x00007ffe65525000 	C:\Program Files\Java\jdk-21\bin\server\jvm.dll
0x00007fff1e900000 - 0x00007fff1e971000 	C:\Windows\System32\WS2_32.dll
0x00007fff1d0f0000 - 0x00007fff1d13d000 	C:\Windows\SYSTEM32\POWRPROF.dll
0x00007fff1a9f0000 - 0x00007fff1aa24000 	C:\Windows\SYSTEM32\WINMM.dll
0x00007fff1d020000 - 0x00007fff1d033000 	C:\Windows\SYSTEM32\UMPDC.dll
0x00007fff1ce60000 - 0x00007fff1ce78000 	C:\Windows\SYSTEM32\kernel.appcore.dll
0x00007ffeddbc0000 - 0x00007ffeddbca000 	C:\Program Files\Java\jdk-21\bin\jimage.dll
0x00007fff122f0000 - 0x00007fff12523000 	C:\Windows\SYSTEM32\DBGHELP.DLL
0x00007fff1ef90000 - 0x00007fff1f319000 	C:\Windows\System32\combase.dll
0x00007fff1ff80000 - 0x00007fff20057000 	C:\Windows\System32\OLEAUT32.dll
0x00007fff11f20000 - 0x00007fff11f52000 	C:\Windows\SYSTEM32\dbgcore.DLL
0x00007fff1e640000 - 0x00007fff1e6ba000 	C:\Windows\System32\bcryptPrimitives.dll
0x00007ffed4020000 - 0x00007ffed402f000 	C:\Program Files\Java\jdk-21\bin\instrument.dll
0x00007ffed3e40000 - 0x00007ffed3e5f000 	C:\Program Files\Java\jdk-21\bin\java.dll

dbghelp: loaded successfully - version: 4.0.5 - missing functions: none
symbol engine: initialized successfully - sym options: 0x614 - pdb path: .;C:\Program Files\Java\jdk-21\bin;C:\Windows\SYSTEM32;C:\Windows\WinSxS\amd64_microsoft.windows.common-controls_6595b64144ccf1df_6.0.22621.2506_none_270c5ae97388e100;C:\Program Files\Java\jdk-21\bin\server

VM Arguments:
jvm_args: -XX:TieredStopAtLevel=1 -Dspring.output.ansi.enabled=always -Dcom.sun.management.jmxremote -Dspring.jmx.enabled=true -Dspring.liveBeansView.mbeanDomain -Dspring.application.admin.enabled=true -Dmanagement.endpoints.jmx.exposure.include=* -javaagent:C:\Users\dooly\AppData\Local\Programs\IntelliJ IDEA Ultimate\lib\idea_rt.jar=4297:C:\Users\dooly\AppData\Local\Programs\IntelliJ IDEA Ultimate\bin -Dfile.encoding=UTF-8 -Dsun.stdout.encoding=UTF-8 -Dsun.stderr.encoding=UTF-8 
java_command: hello.hellospring.HelloSpringApplication
java_class_path (initial): C:\Users\dooly\πŸ≈¡ »≠∏È\hello-spring\out\production\classes;C:\Users\dooly\πŸ≈¡ »≠∏È\hello-spring\out\production\resources;C:\Users\dooly\.gradle\caches\modules-2\files-2.1\org.springframework.boot\spring-boot-starter-thymeleaf\3.2.1\47e7961d0b77a14d4eb10807f7a0cf25bd68b1f2\spring-boot-starter-thymeleaf-3.2.1.jar;C:\Users\dooly\.gradle\caches\modules-2\files-2.1\org.springframework.boot\spring-boot-starter-web\3.2.1\e27e36d4222fd4d589e634e1c7f5f09f0316147c\spring-boot-starter-web-3.2.1.jar;C:\Users\dooly\.gradle\caches\modules-2\files-2.1\org.springframework.boot\spring-boot-starter\3.2.1\bc03d7075fb9d9d4877218db48d5dae3dd72a65d\spring-boot-starter-3.2.1.jar;C:\Users\dooly\.gradle\caches\modules-2\files-2.1\org.thymeleaf\thymeleaf-spring6\3.1.2.RELEASE\6030c7b4e260c41336f378e53da6e8531263f24b\thymeleaf-spring6-3.1.2.RELEASE.jar;C:\Users\dooly\.gradle\caches\modules-2\files-2.1\org.springframework.boot\spring-boot-starter-json\3.2.1\ecda50de20ab6d3c49ea30df4c1982048f5d31ac\spring-boot-starter-json-3.2.1.jar;C:\Users\dooly\.gradle\caches\modules-2\files-2.1\org.springframework.boot\spring-boot-starter-tomcat\3.2.1\d8efc48034015522958cb3fea5831b4cbcd4fcfb\spring-boot-starter-tomcat-3.2.1.jar;C:\Users\dooly\.gradle\caches\modules-2\files-2.1\org.springframework\spring-webmvc\6.1.2\906ee995372076e22ef9666d8628845c75bf5c42\spring-webmvc-6.1.2.jar;C:\Users\dooly\.gradle\caches\modules-2\files-2.1\org.springframework\spring-web\6.1.2\f26b98778376cc39afb04fbb6fdd7543bef89f2\spring-web-6.1.2.jar;C:\Users\dooly\.gradle\caches\modules-2\files-2.1\org.springframework.boot\spring-boot-autoconfigure\3.2.1\b100d2d21d45dddd740d496357ca6f3813d777d0\spring-boot-autoconfigure-3.2.1.jar;C:\Users\dooly\.gradle\caches\modules-2\files-2.1\org.springframework.boot\spring-boot\3.2.1\faa2ce019bee68a8d17529d0a08ebc427f927e13\spring-boot-3.2.1.jar;C:\Users\dooly\.gradle\caches\modules-2\files-2.1\org.springframework.boot\spring-boot-starter-logging\3.2.1\df8ec78dc87885298998ca3c9bd603ee7bfe5b8\spring-boot-starter-logging-3.2.1.jar;C:\Users\dooly\.gradle\caches\modules-2\files-2.1\jakarta.annotation\jakarta.annotation-api\2.1.1\48b9bda22b091b1f48b13af03fe36db3be6e1ae3\jakarta.annotation-api-2.1.1.jar;C:\Users\dooly\.gradle\caches\modules-2\files-2.1\org.springframework\spring-core\6.1.2\e43c71a9eaca454654621f7d272f15b53c68d583\spring-core-6.1.2.jar;C:\Users\dooly\.gradle\caches\modules-2\files-2.1\org.yaml\snakeyaml\2.2\3af797a25458550a16bf89acc8e4ab2b7f2bfce0\snakeyaml-2.2.jar;C:\Users\dooly\.gradle\caches\modules-2\files-2.1\org.thymeleaf\thymeleaf\3.1.2.RELEASE\273997509a4c7aef86cee0521750140c587d9be2\thymeleaf-3.1.2.RELEASE.jar;C:\Users\dooly\.gradle\caches\modules-2\files-2.1\org.slf4j\slf4j-api\2.0.9\7cf2726fdcfbc8610f9a71fb3ed639871f315340\slf4j-api-2.0.9.jar;C:\Users\dooly\.gradle\caches\modules-2\files-2.1\com.fasterxml.jackson.datatype\jackson-datatype-jsr310\2.15.3\4a20a0e104931bfa72f24ef358c2eb63f1ef2aaf\jackson-datatype-jsr310-2.15.3.jar;C:\Users\dooly\.gradle\caches\modules-2\files-2.1\com.fasterxml.jackson.module\jackson-module-parameter-names\2.15.3\8d251b90c5358677e7d8161e0c2488e6f84f49da\jackson-module-parameter-names-2.15.3.jar;C:\Users\dooly\.gradle\caches\modules-2\files-2.1\com.fasterxml.jackson.datatype\jackson-datatype-jdk8\2.15.3\80158cb020c7bd4e4ba94d8d752a65729dc943b2\jackson-datatype-jdk8-2.15.3.jar;C:\Users\dooly\.gradle\caches\modules-2\files-2.1\com.fasterxml.jackson.core\jackson-databind\2.15.3\a734bc2c47a9453c4efa772461a3aeb273c010d9\jackson-databind-2.15.3.jar;C:\Users\dooly\.gradle\caches\modules-2\files-2.1\org.apache.tomcat.embed\tomcat-embed-websocket\10.1.17\9ee2f34b51144b75878c9b42768e17de8fbdc74b\tomcat-embed-websocket-10.1.17.jar;C:\Users\dooly\.gradle\caches\modules-2\files-2.1\org.apache.tomcat.embed\tomcat-embed-core\10.1.17\5b9185ee002f9e194d2cb21ddcf8bc5f3d4a69da\tomcat-embed-core-10.1.17.jar;C:\Users\dooly\.gradle\caches\modules-2\files-2.1\org.apache.tomcat.embed\tomcat-embed-el\10.1.17\9ad7312421535d7d3aabe0f541e852baccb59726\tomcat-embed-el-10.1.17.jar;C:\Users\dooly\.gradle\caches\modules-2\files-2.1\org.springframework\spring-context\6.1.2\15df19852991220556b4462a366269b8e15278eb\spring-context-6.1.2.jar;C:\Users\dooly\.gradle\caches\modules-2\files-2.1\org.springframework\spring-aop\6.1.2\a247bd81df8fa9c6a002b95969692bfd146a70b2\spring-aop-6.1.2.jar;C:\Users\dooly\.gradle\caches\modules-2\files-2.1\org.springframework\spring-beans\6.1.2\abf52f2254975a3b1e95b2b63fb8b01d891cdc51\spring-beans-6.1.2.jar;C:\Users\dooly\.gradle\caches\modules-2\files-2.1\org.springframework\spring-expression\6.1.2\98786397734b27b7c8843a6b01a7fa34d40d6806\spring-expression-6.1.2.jar;C:\Users\dooly\.gradle\caches\modules-2\files-2.1\io.micrometer\micrometer-observation\1.12.1\fbd0e0e9b6a36effd53e0eee35b050ed1f548ae5\micrometer-observation-1.12.1.jar;C:\Users\dooly\.gradle\caches\modules-2\files-2.1\ch.qos.logback\logback-classic\1.4.14\d98bc162275134cdf1518774da4a2a17ef6fb94d\logback-classic-1.4.14.jar;C:\Users\dooly\.gradle\caches\modules-2\files-2.1\org.apache.logging.log4j\log4j-to-slf4j\2.21.1\d77b2ba81711ed596cd797cc2b5b5bd7409d841c\log4j-to-slf4j-2.21.1.jar;C:\Users\dooly\.gradle\caches\modules-2\files-2.1\org.slf4j\jul-to-slf4j\2.0.9\9ef7c70b248185845f013f49a33ff9ca65b7975\jul-to-slf4j-2.0.9.jar;C:\Users\dooly\.gradle\caches\modules-2\files-2.1\org.springframework\spring-jcl\6.1.2\285eb725861c9eacf2a3e4965d4e897932e335ea\spring-jcl-6.1.2.jar;C:\Users\dooly\.gradle\caches\modules-2\files-2.1\org.attoparser\attoparser\2.0.7.RELEASE\e5d0e988d9124139d645bb5872b24dfa23e283cc\attoparser-2.0.7.RELEASE.jar;C:\Users\dooly\.gradle\caches\modules-2\files-2.1\org.unbescape\unbescape\1.1.6.RELEASE\7b90360afb2b860e09e8347112800d12c12b2a13\unbescape-1.1.6.RELEASE.jar;C:\Users\dooly\.gradle\caches\modules-2\files-2.1\com.fasterxml.jackson.core\jackson-annotations\2.15.3\79baf4e605eb3bbb60b1c475d44a7aecceea1d60\jackson-annotations-2.15.3.jar;C:\Users\dooly\.gradle\caches\modules-2\files-2.1\com.fasterxml.jackson.core\jackson-core\2.15.3\60d600567c1862840397bf9ff5a92398edc5797b\jackson-core-2.15.3.jar;C:\Users\dooly\.gradle\caches\modules-2\files-2.1\io.micrometer\micrometer-commons\1.12.1\abcc6b294e60582afdfae6c559c94ad1d412ce2d\micrometer-commons-1.12.1.jar;C:\Users\dooly\.gradle\caches\modules-2\files-2.1\ch.qos.logback\logback-core\1.4.14\4d3c2248219ac0effeb380ed4c5280a80bf395e8\logback-core-1.4.14.jar;C:\Users\dooly\.gradle\caches\modules-2\files-2.1\org.apache.logging.log4j\log4j-api\2.21.1\74c65e87b9ce1694a01524e192d7be989ba70486\log4j-api-2.21.1.jar
Launcher Type: SUN_STANDARD

[Global flags]
     intx CICompilerCount                          = 12                                        {product} {ergonomic}
     uint ConcGCThreads                            = 5                                         {product} {ergonomic}
     uint G1ConcRefinementThreads                  = 18                                        {product} {ergonomic}
   size_t G1HeapRegionSize                         = 4194304                                   {product} {ergonomic}
    uintx GCDrainStackTargetSize                   = 64                                        {product} {ergonomic}
   size_t InitialHeapSize                          = 536870912                                 {product} {ergonomic}
     bool ManagementServer                         = true                                      {product} {command line}
   size_t MarkStackSize                            = 4194304                                   {product} {ergonomic}
   size_t MaxHeapSize                              = 8543797248                                {product} {ergonomic}
   size_t MinHeapDeltaBytes                        = 4194304                                   {product} {ergonomic}
   size_t MinHeapSize                              = 8388608                                   {product} {ergonomic}
    uintx NonNMethodCodeHeapSize                   = 4096                                   {pd product} {ergonomic}
    uintx NonProfiledCodeHeapSize                  = 0                                      {pd product} {ergonomic}
     bool ProfileInterpreter                       = false                                  {pd product} {command line}
    uintx ProfiledCodeHeapSize                     = 0                                      {pd product} {ergonomic}
   size_t SoftMaxHeapSize                          = 8543797248                             {manageable} {ergonomic}
     intx TieredStopAtLevel                        = 1                                         {product} {command line}
     bool UseCompressedOops                        = true                           {product lp64_product} {ergonomic}
     bool UseG1GC                                  = true                                      {product} {ergonomic}
     bool UseLargePagesIndividualAllocation        = false                                  {pd product} {ergonomic}

Logging:
Log output configuration:
 #0: stdout all=warning uptime,level,tags foldmultilines=false
 #1: stderr all=off uptime,level,tags foldmultilines=false

Environment Variables:
PATH=C:\Program Files\Common Files\Oracle\Java\javapath;C:\Program Files (x86)\Common Files\Oracle\Java\javapath;C:\Program Files (x86)\Razer Chroma SDK\bin;C:\Program Files\Razer Chroma SDK\bin;C:\Program Files (x86)\Razer\ChromaBroadcast\bin;C:\Program Files\Razer\ChromaBroadcast\bin;C:\Windows\system32;C:\Windows;C:\Windows\System32\Wbem;C:\Windows\System32\WindowsPowerShell\v1.0\;C:\Windows\System32\OpenSSH\;C:\Program Files (x86)\NVIDIA Corporation\PhysX\Common;C:\Program Files\Bandizip\;C:\Program Files\NVIDIA Corporation\NVIDIA NvDLISR;C:\Program Files\dotnet\;C:\Program Files\Microsoft SQL Server\150\Tools\Binn\;C:\Users\dooly\AppData\Local\Microsoft\WindowsApps;C:\Users\dooly\AppData\Local\Programs\Microsoft VS Code\bin;C:\Users\dooly\AppData\Local\JetBrains\Toolbox\scripts;C:\Users\dooly\.dotnet\tools;C:\Program Files\nodejs\;C:\ProgramData\chocolatey\bin;C:\Program Files\Git\cmd;C:\Users\dooly\AppData\Roaming\npm;C:\Users\dooly\AppData\Local\gitkraken\bin
USERNAME=dooly
OS=Windows_NT
PROCESSOR_IDENTIFIER=Intel64 Family 6 Model 183 Stepping 1, GenuineIntel
TMP=C:\Users\dooly\AppData\Local\Temp
TEMP=C:\Users\dooly\AppData\Local\Temp




Periodic native trim disabled

---------------  S Y S T E M  ---------------

OS:
 Windows 11 , 64 bit Build 22621 (10.0.22621.2506)
OS uptime: 3 days 9:55 hours
Hyper-V role detected

CPU: total 24 (initial active 24) (12 cores per cpu, 2 threads per core) family 6 model 183 stepping 1 microcode 0x115, cx8, cmov, fxsr, ht, mmx, 3dnowpref, sse, sse2, sse3, ssse3, sse4.1, sse4.2, popcnt, lzcnt, tsc, tscinvbit, avx, avx2, aes, erms, clmul, bmi1, bmi2, adx, sha, fma, vzeroupper, clflush, clflushopt, clwb, hv, serialize, rdtscp, rdpid, fsrm, f16c, cet_ibt, cet_ss
Processor Information for all 24 processors :
  Max Mhz: 3400, Current Mhz: 3400, Mhz Limit: 3400

Memory: 4k page, system-wide physical 32581M (11419M free)
TotalPageFile size 130885M (AvailPageFile size 506M)
current process WorkingSet (physical memory assigned to process): 12M, peak: 12M
current process commit charge ("private bytes"): 76M, peak: 588M

vm_info: Java HotSpot(TM) 64-Bit Server VM (21.0.1+12-LTS-29) for windows-amd64 JRE (21.0.1+12-LTS-29), built on 2023-10-05T13:27:09Z by "mach5one" with MS VC++ 17.1 (VS2022)

END.
